<?xml version="1.0" encoding="UTF-8"?>
<testsuites>
  <testsuite name="fastlane.lanes">
    
    
    
      
      <testcase classname="fastlane.lanes" name="0: default_platform" time="0.0021623">
        
      </testcase>
    
      
      <testcase classname="fastlane.lanes" name="1: Switch to android build_deploy_test lane" time="0.001772">
        
      </testcase>
    
      
      <testcase classname="fastlane.lanes" name="2: Switch to android should_skip_build lane" time="0.0010724">
        
      </testcase>
    
      
      <testcase classname="fastlane.lanes" name="3: last_git_commit" time="0.1218462">
        
      </testcase>
    
      
      <testcase classname="fastlane.lanes" name="4: Switch to android build lane" time="0.0018389">
        
      </testcase>
    
      
      <testcase classname="fastlane.lanes" name="5: assembleenvTestRelease" time="2.0316884">
        
          <failure message="D:/Programs/Ruby31-x64/lib/ruby/gems/3.1.0/gems/fastlane-2.204.3/fastlane/lib/fastlane/actions/actions_helper.rb:67:in `execute_action&apos;&#10;D:/Programs/Ruby31-x64/lib/ruby/gems/3.1.0/gems/fastlane-2.204.3/fastlane/lib/fastlane/runner.rb:255:in `block in execute_action&apos;&#10;D:/Programs/Ruby31-x64/lib/ruby/gems/3.1.0/gems/fastlane-2.204.3/fastlane/lib/fastlane/runner.rb:229:in `chdir&apos;&#10;D:/Programs/Ruby31-x64/lib/ruby/gems/3.1.0/gems/fastlane-2.204.3/fastlane/lib/fastlane/runner.rb:229:in `execute_action&apos;&#10;D:/Programs/Ruby31-x64/lib/ruby/gems/3.1.0/gems/fastlane-2.204.3/fastlane/lib/fastlane/runner.rb:157:in `trigger_action_by_name&apos;&#10;D:/Programs/Ruby31-x64/lib/ruby/gems/3.1.0/gems/fastlane-2.204.3/fastlane/lib/fastlane/fast_file.rb:159:in `method_missing&apos;&#10;Fastfile:102:in `block (2 levels) in parsing_binding&apos;&#10;D:/Programs/Ruby31-x64/lib/ruby/gems/3.1.0/gems/fastlane-2.204.3/fastlane/lib/fastlane/lane.rb:33:in `call&apos;&#10;D:/Programs/Ruby31-x64/lib/ruby/gems/3.1.0/gems/fastlane-2.204.3/fastlane/lib/fastlane/runner.rb:204:in `try_switch_to_lane&apos;&#10;D:/Programs/Ruby31-x64/lib/ruby/gems/3.1.0/gems/fastlane-2.204.3/fastlane/lib/fastlane/runner.rb:146:in `trigger_action_by_name&apos;&#10;D:/Programs/Ruby31-x64/lib/ruby/gems/3.1.0/gems/fastlane-2.204.3/fastlane/lib/fastlane/fast_file.rb:159:in `method_missing&apos;&#10;Fastfile:35:in `block (2 levels) in parsing_binding&apos;&#10;D:/Programs/Ruby31-x64/lib/ruby/gems/3.1.0/gems/fastlane-2.204.3/fastlane/lib/fastlane/lane.rb:33:in `call&apos;&#10;D:/Programs/Ruby31-x64/lib/ruby/gems/3.1.0/gems/fastlane-2.204.3/fastlane/lib/fastlane/runner.rb:204:in `try_switch_to_lane&apos;&#10;D:/Programs/Ruby31-x64/lib/ruby/gems/3.1.0/gems/fastlane-2.204.3/fastlane/lib/fastlane/runner.rb:146:in `trigger_action_by_name&apos;&#10;D:/Programs/Ruby31-x64/lib/ruby/gems/3.1.0/gems/fastlane-2.204.3/fastlane/lib/fastlane/fast_file.rb:159:in `method_missing&apos;&#10;Fastfile:22:in `block (2 levels) in parsing_binding&apos;&#10;D:/Programs/Ruby31-x64/lib/ruby/gems/3.1.0/gems/fastlane-2.204.3/fastlane/lib/fastlane/lane.rb:33:in `call&apos;&#10;D:/Programs/Ruby31-x64/lib/ruby/gems/3.1.0/gems/fastlane-2.204.3/fastlane/lib/fastlane/runner.rb:49:in `block in execute&apos;&#10;D:/Programs/Ruby31-x64/lib/ruby/gems/3.1.0/gems/fastlane-2.204.3/fastlane/lib/fastlane/runner.rb:45:in `chdir&apos;&#10;D:/Programs/Ruby31-x64/lib/ruby/gems/3.1.0/gems/fastlane-2.204.3/fastlane/lib/fastlane/runner.rb:45:in `execute&apos;&#10;D:/Programs/Ruby31-x64/lib/ruby/gems/3.1.0/gems/fastlane-2.204.3/fastlane/lib/fastlane/lane_manager.rb:47:in `cruise_lane&apos;&#10;D:/Programs/Ruby31-x64/lib/ruby/gems/3.1.0/gems/fastlane-2.204.3/fastlane/lib/fastlane/command_line_handler.rb:36:in `handle&apos;&#10;D:/Programs/Ruby31-x64/lib/ruby/gems/3.1.0/gems/fastlane-2.204.3/fastlane/lib/fastlane/commands_generator.rb:109:in `block (2 levels) in run&apos;&#10;D:/Programs/Ruby31-x64/lib/ruby/gems/3.1.0/gems/commander-4.6.0/lib/commander/command.rb:187:in `call&apos;&#10;D:/Programs/Ruby31-x64/lib/ruby/gems/3.1.0/gems/commander-4.6.0/lib/commander/command.rb:157:in `run&apos;&#10;D:/Programs/Ruby31-x64/lib/ruby/gems/3.1.0/gems/commander-4.6.0/lib/commander/runner.rb:444:in `run_active_command&apos;&#10;D:/Programs/Ruby31-x64/lib/ruby/gems/3.1.0/gems/fastlane-2.204.3/fastlane_core/lib/fastlane_core/ui/fastlane_runner.rb:124:in `run!&apos;&#10;D:/Programs/Ruby31-x64/lib/ruby/gems/3.1.0/gems/commander-4.6.0/lib/commander/delegates.rb:18:in `run!&apos;&#10;D:/Programs/Ruby31-x64/lib/ruby/gems/3.1.0/gems/fastlane-2.204.3/fastlane/lib/fastlane/commands_generator.rb:353:in `run&apos;&#10;D:/Programs/Ruby31-x64/lib/ruby/gems/3.1.0/gems/fastlane-2.204.3/fastlane/lib/fastlane/commands_generator.rb:42:in `start&apos;&#10;D:/Programs/Ruby31-x64/lib/ruby/gems/3.1.0/gems/fastlane-2.204.3/fastlane/lib/fastlane/cli_tools_distributor.rb:122:in `take_off&apos;&#10;D:/Programs/Ruby31-x64/lib/ruby/gems/3.1.0/gems/fastlane-2.204.3/bin/fastlane:23:in `&lt;top (required)&gt;&apos;&#10;D:/Programs/Ruby31-x64/bin/fastlane:32:in `load&apos;&#10;D:/Programs/Ruby31-x64/bin/fastlane:32:in `&lt;main&gt;&apos;&#10;&#10;Exit status of command &apos;D:/Projects/AndroidStudioProjects/GameOfLife/gradlew assembleenvTestRelease -p .&apos; was 1 instead of 0.&#10;&gt; Task :app:buildKotlinToolingMetadata UP-TO-DATE&#10;&gt; Task :app:preBuild UP-TO-DATE&#10;&gt; Task :app:preEnvTestReleaseBuild UP-TO-DATE&#10;&gt; Task :app:compileEnvTestReleaseAidl NO-SOURCE&#10;&gt; Task :app:compileEnvTestReleaseRenderscript NO-SOURCE&#10;&gt; Task :app:dataBindingMergeDependencyArtifactsEnvTestRelease UP-TO-DATE&#10;&gt; Task :app:dataBindingMergeGenClassesEnvTestRelease UP-TO-DATE&#10;&gt; Task :app:generateEnvTestReleaseResValues UP-TO-DATE&#10;&gt; Task :app:generateEnvTestReleaseResources UP-TO-DATE&#10;&gt; Task :app:processEnvTestReleaseGoogleServices UP-TO-DATE&#10;&gt; Task :app:mergeEnvTestReleaseResources UP-TO-DATE&#10;&gt; Task :app:dataBindingGenBaseClassesEnvTestRelease UP-TO-DATE&#10;&gt; Task :app:dataBindingTriggerEnvTestRelease UP-TO-DATE&#10;&gt; Task :app:generateEnvTestReleaseBuildConfig UP-TO-DATE&#10;&gt; Task :app:generateSafeArgsEnvTestRelease UP-TO-DATE&#10;&gt; Task :app:checkEnvTestReleaseAarMetadata UP-TO-DATE&#10;&gt; Task :app:createEnvTestReleaseCompatibleScreenManifests UP-TO-DATE&#10;&gt; Task :app:extractDeepLinksEnvTestRelease UP-TO-DATE&#10;&gt; Task :app:processEnvTestReleaseMainManifest UP-TO-DATE&#10;&gt; Task :app:processEnvTestReleaseManifest UP-TO-DATE&#10;&gt; Task :app:processEnvTestReleaseManifestForPackage UP-TO-DATE&#10;&gt; Task :app:processEnvTestReleaseResources UP-TO-DATE&#10;&gt; Task :app:kaptGenerateStubsEnvTestReleaseKotlin UP-TO-DATE&#10;&gt; Task :app:kaptEnvTestReleaseKotlin UP-TO-DATE&#10;&gt; Task :app:compileEnvTestReleaseKotlin UP-TO-DATE&#10;&gt; Task :app:javaPreCompileEnvTestRelease UP-TO-DATE&#10;&gt; Task :app:compileEnvTestReleaseJavaWithJavac UP-TO-DATE&#10;&gt; Task :app:extractProguardFiles UP-TO-DATE&#10;&gt; Task :app:lintVitalAnalyzeEnvTestRelease UP-TO-DATE&#10;&gt; Task :app:lintVitalReportEnvTestRelease UP-TO-DATE&#10;&gt; Task :app:lintVitalEnvTestRelease&#10;&gt; Task :app:mergeEnvTestReleaseJniLibFolders UP-TO-DATE&#10;&gt; Task :app:mergeEnvTestReleaseNativeLibs NO-SOURCE&#10;&gt; Task :app:stripEnvTestReleaseDebugSymbols NO-SOURCE&#10;&gt; Task :app:extractEnvTestReleaseNativeSymbolTables NO-SOURCE&#10;&gt; Task :app:mergeEnvTestReleaseNativeDebugMetadata NO-SOURCE&#10;&gt; Task :app:checkEnvTestReleaseDuplicateClasses UP-TO-DATE&#10;&gt; Task :app:dexBuilderEnvTestRelease UP-TO-DATE&#10;&gt; Task :app:desugarEnvTestReleaseFileDependencies UP-TO-DATE&#10;&gt; Task :app:mergeExtDexEnvTestRelease UP-TO-DATE&#10;&gt; Task :app:mergeDexEnvTestRelease UP-TO-DATE&#10;&gt; Task :app:mergeEnvTestReleaseArtProfile UP-TO-DATE&#10;&gt; Task :app:compileEnvTestReleaseArtProfile UP-TO-DATE&#10;&gt; Task :app:mergeEnvTestReleaseShaders UP-TO-DATE&#10;&gt; Task :app:compileEnvTestReleaseShaders NO-SOURCE&#10;&gt; Task :app:generateEnvTestReleaseAssets UP-TO-DATE&#10;&gt; Task :app:mergeEnvTestReleaseAssets UP-TO-DATE&#10;&gt; Task :app:compressEnvTestReleaseAssets UP-TO-DATE&#10;&gt; Task :app:processEnvTestReleaseJavaRes NO-SOURCE&#10;&gt; Task :app:mergeEnvTestReleaseJavaResource UP-TO-DATE&#10;&gt; Task :app:optimizeEnvTestReleaseResources UP-TO-DATE&#10;&gt; Task :app:collectEnvTestReleaseDependencies UP-TO-DATE&#10;&gt; Task :app:sdkEnvTestReleaseDependencyData UP-TO-DATE&#10;&gt; Task :app:writeEnvTestReleaseAppMetadata UP-TO-DATE&#10;&gt; Task :app:writeEnvTestReleaseSigningConfigVersions UP-TO-DATE&#10;&gt; Task :app:packageEnvTestRelease FAILED&#10;&#10;FAILURE: Build failed with an exception.&#10;&#10;* What went wrong:&#10;Execution failed for task &apos;:app:packageEnvTestRelease&apos;.&#10;&gt; A failure occurred while executing com.android.build.gradle.tasks.PackageAndroidArtifact$IncrementalSplitterRunnable&#10;   &gt; SigningConfig &quot;defaultConfig&quot; is missing required property &quot;keyPassword&quot;.&#10;&#10;* Try:&#10;Run with --stacktrace option to get the stack trace. Run with --info or --debug option to get more log output. Run with --scan to get full insights.&#10;&#10;* Get more help at https://help.gradle.org&#10;&#10;Deprecated Gradle features were used in this build, making it incompatible with Gradle 8.0.&#10;&#10;You can use &apos;--warning-mode all&apos; to show the individual deprecation warnings and determine if they come from your own scripts or plugins.&#10;&#10;See https://docs.gradle.org/7.2/userguide/command_line_interface.html#sec:command_line_warnings&#10;&#10;BUILD FAILED in 1s&#10;44 actionable tasks: 2 executed, 42 up-to-date&#10;" />
        
      </testcase>
    
  </testsuite>
</testsuites>
